<?xml version="1.0" encoding="UTF-8"?>
<testng-results ignored="0" total="2" passed="2" failed="0" skipped="0">
  <reporter-output>
  </reporter-output>
  <suite started-at="2022-07-10T14:50:30 GMT+05:30" name="Default suite" finished-at="2022-07-10T14:51:09 GMT+05:30" duration-ms="39900">
    <groups>
    </groups>
    <test started-at="2022-07-10T14:50:30 GMT+05:30" name="Default test" finished-at="2022-07-10T14:51:09 GMT+05:30" duration-ms="39900">
      <class name="Projects.bookingtestng">
        <test-method is-config="true" signature="setup()[pri:0, instance:Projects.bookingtestng@359df09a]" started-at="2022-07-10T14:50:32 GMT+05:30" name="setup" finished-at="2022-07-10T14:50:39 GMT+05:30" duration-ms="6852" status="PASS">
          <reporter-output>
          </reporter-output>
        </test-method> <!-- setup -->
        <test-method signature="test(java.lang.String,java.lang.String,java.lang.String,java.lang.String,java.lang.String,java.lang.String,java.lang.String,java.lang.String)[pri:0, instance:Projects.bookingtestng@359df09a]" started-at="2022-07-10T14:50:39 GMT+05:30" name="test" data-provider="getTestData" finished-at="2022-07-10T14:50:52 GMT+05:30" duration-ms="12699" status="PASS">
          <params>
            <param index="0">
              <value>
                <![CDATA[Peter]]>
              </value>
            </param>
            <param index="1">
              <value>
                <![CDATA[Praveen]]>
              </value>
            </param>
            <param index="2">
              <value>
                <![CDATA[Mysore,Karnataka]]>
              </value>
            </param>
            <param index="3">
              <value>
                <![CDATA[peter10@gmail.com]]>
              </value>
            </param>
            <param index="4">
              <value>
                <![CDATA[8147652002]]>
              </value>
            </param>
            <param index="5">
              <value>
                <![CDATA[10072000]]>
              </value>
            </param>
            <param index="6">
              <value>
                <![CDATA[100000]]>
              </value>
            </param>
            <param index="7">
              <value>
                <![CDATA[200000]]>
              </value>
            </param>
          </params>
          <reporter-output>
          </reporter-output>
        </test-method> <!-- test -->
        <test-method is-config="true" signature="booking1()[pri:0, instance:Projects.bookingtestng@359df09a]" started-at="2022-07-10T14:50:52 GMT+05:30" name="booking1" finished-at="2022-07-10T14:50:52 GMT+05:30" duration-ms="735" status="PASS">
          <reporter-output>
          </reporter-output>
        </test-method> <!-- booking1 -->
        <test-method is-config="true" signature="setup()[pri:0, instance:Projects.bookingtestng@359df09a]" started-at="2022-07-10T14:50:52 GMT+05:30" name="setup" finished-at="2022-07-10T14:50:56 GMT+05:30" duration-ms="3949" status="PASS">
          <reporter-output>
          </reporter-output>
        </test-method> <!-- setup -->
        <test-method signature="test(java.lang.String,java.lang.String,java.lang.String,java.lang.String,java.lang.String,java.lang.String,java.lang.String,java.lang.String)[pri:0, instance:Projects.bookingtestng@359df09a]" started-at="2022-07-10T14:50:56 GMT+05:30" name="test" data-provider="getTestData" finished-at="2022-07-10T14:51:09 GMT+05:30" duration-ms="12315" status="PASS">
          <params>
            <param index="0">
              <value>
                <![CDATA[Praveen]]>
              </value>
            </param>
            <param index="1">
              <value>
                <![CDATA[Peter]]>
              </value>
            </param>
            <param index="2">
              <value>
                <![CDATA[Kadur,Karnataka]]>
              </value>
            </param>
            <param index="3">
              <value>
                <![CDATA[praveenmp20007@gmail.com]]>
              </value>
            </param>
            <param index="4">
              <value>
                <![CDATA[6362789659]]>
              </value>
            </param>
            <param index="5">
              <value>
                <![CDATA[23012000]]>
              </value>
            </param>
            <param index="6">
              <value>
                <![CDATA[200000]]>
              </value>
            </param>
            <param index="7">
              <value>
                <![CDATA[300000]]>
              </value>
            </param>
          </params>
          <reporter-output>
          </reporter-output>
        </test-method> <!-- test -->
        <test-method is-config="true" signature="booking1()[pri:0, instance:Projects.bookingtestng@359df09a]" started-at="2022-07-10T14:51:09 GMT+05:30" name="booking1" finished-at="2022-07-10T14:51:09 GMT+05:30" duration-ms="864" status="PASS">
          <reporter-output>
          </reporter-output>
        </test-method> <!-- booking1 -->
      </class> <!-- Projects.bookingtestng -->
    </test> <!-- Default test -->
  </suite> <!-- Default suite -->
</testng-results>
